<?xml version="1.0" encoding="UTF-8"?>
<testng-results ignored="0" total="8" passed="8" failed="0" skipped="0">
  <reporter-output>
  </reporter-output>
  <suite started-at="2023-09-07T21:11:02 IST" name="Default suite" finished-at="2023-09-07T21:13:12 IST" duration-ms="130122">
    <groups>
      <group name="cucumber">
        <method signature="AbstractTestNGCucumberTests.runScenario(io.cucumber.testng.PickleWrapper,io.cucumber.testng.FeatureWrapper)[pri:0, instance:org.testRunners.TestRunner@5524cca1]" name="runScenario" class="io.cucumber.testng.AbstractTestNGCucumberTests"/>
      </group> <!-- cucumber -->
    </groups>
    <test started-at="2023-09-07T21:11:02 IST" name="Default test" finished-at="2023-09-07T21:13:12 IST" duration-ms="130122">
      <class name="org.testRunners.TestRunner">
        <test-method is-config="true" signature="setUpClass(org.testng.ITestContext)[pri:0, instance:org.testRunners.TestRunner@5524cca1]" started-at="2023-09-07T21:11:02 IST" name="setUpClass" finished-at="2023-09-07T21:11:05 IST" duration-ms="2552" status="PASS">
          <params>
            <param index="0">
              <value>
                <![CDATA[org.testng.TestRunner@5599dc60]]>
              </value>
            </param>
          </params>
          <reporter-output>
          </reporter-output>
        </test-method> <!-- setUpClass -->
        <test-method signature="runScenario(io.cucumber.testng.PickleWrapper,io.cucumber.testng.FeatureWrapper)[pri:0, instance:org.testRunners.TestRunner@5524cca1]" started-at="2023-09-07T21:11:05 IST" name="runScenario" description="Runs Cucumber Scenarios" data-provider="scenarios" finished-at="2023-09-07T21:11:21 IST" duration-ms="16204" status="PASS">
          <params>
            <param index="0">
              <value>
                <![CDATA["verify PIM page"]]>
              </value>
            </param>
            <param index="1">
              <value>
                <![CDATA["PIM  Functionality"]]>
              </value>
            </param>
          </params>
          <reporter-output>
          </reporter-output>
        </test-method> <!-- runScenario -->
        <test-method signature="runScenario(io.cucumber.testng.PickleWrapper,io.cucumber.testng.FeatureWrapper)[pri:0, instance:org.testRunners.TestRunner@5524cca1]" started-at="2023-09-07T21:11:21 IST" name="runScenario" description="Runs Cucumber Scenarios" data-provider="scenarios" finished-at="2023-09-07T21:11:34 IST" duration-ms="12767" status="PASS">
          <params>
            <param index="0">
              <value>
                <![CDATA["verify PIM page"]]>
              </value>
            </param>
            <param index="1">
              <value>
                <![CDATA["PIM  Functionality"]]>
              </value>
            </param>
          </params>
          <reporter-output>
          </reporter-output>
        </test-method> <!-- runScenario -->
        <test-method signature="runScenario(io.cucumber.testng.PickleWrapper,io.cucumber.testng.FeatureWrapper)[pri:0, instance:org.testRunners.TestRunner@5524cca1]" started-at="2023-09-07T21:11:34 IST" name="runScenario" description="Runs Cucumber Scenarios" data-provider="scenarios" finished-at="2023-09-07T21:11:50 IST" duration-ms="16375" status="PASS">
          <params>
            <param index="0">
              <value>
                <![CDATA["verify PIM page"]]>
              </value>
            </param>
            <param index="1">
              <value>
                <![CDATA["PIM  Functionality"]]>
              </value>
            </param>
          </params>
          <reporter-output>
          </reporter-output>
        </test-method> <!-- runScenario -->
        <test-method signature="runScenario(io.cucumber.testng.PickleWrapper,io.cucumber.testng.FeatureWrapper)[pri:0, instance:org.testRunners.TestRunner@5524cca1]" started-at="2023-09-07T21:11:50 IST" name="runScenario" description="Runs Cucumber Scenarios" data-provider="scenarios" finished-at="2023-09-07T21:12:07 IST" duration-ms="17018" status="PASS">
          <params>
            <param index="0">
              <value>
                <![CDATA["verify PIM page"]]>
              </value>
            </param>
            <param index="1">
              <value>
                <![CDATA["PIM  Functionality"]]>
              </value>
            </param>
          </params>
          <reporter-output>
          </reporter-output>
        </test-method> <!-- runScenario -->
        <test-method signature="runScenario(io.cucumber.testng.PickleWrapper,io.cucumber.testng.FeatureWrapper)[pri:0, instance:org.testRunners.TestRunner@5524cca1]" started-at="2023-09-07T21:12:07 IST" name="runScenario" description="Runs Cucumber Scenarios" data-provider="scenarios" finished-at="2023-09-07T21:12:25 IST" duration-ms="18165" status="PASS">
          <params>
            <param index="0">
              <value>
                <![CDATA["verify PIM page"]]>
              </value>
            </param>
            <param index="1">
              <value>
                <![CDATA["PIM  Functionality"]]>
              </value>
            </param>
          </params>
          <reporter-output>
          </reporter-output>
        </test-method> <!-- runScenario -->
        <test-method signature="runScenario(io.cucumber.testng.PickleWrapper,io.cucumber.testng.FeatureWrapper)[pri:0, instance:org.testRunners.TestRunner@5524cca1]" started-at="2023-09-07T21:12:25 IST" name="runScenario" description="Runs Cucumber Scenarios" data-provider="scenarios" finished-at="2023-09-07T21:12:40 IST" duration-ms="14894" status="PASS">
          <params>
            <param index="0">
              <value>
                <![CDATA["verify PIM page"]]>
              </value>
            </param>
            <param index="1">
              <value>
                <![CDATA["PIM  Functionality"]]>
              </value>
            </param>
          </params>
          <reporter-output>
          </reporter-output>
        </test-method> <!-- runScenario -->
        <test-method signature="runScenario(io.cucumber.testng.PickleWrapper,io.cucumber.testng.FeatureWrapper)[pri:0, instance:org.testRunners.TestRunner@5524cca1]" started-at="2023-09-07T21:12:40 IST" name="runScenario" description="Runs Cucumber Scenarios" data-provider="scenarios" finished-at="2023-09-07T21:12:57 IST" duration-ms="16947" status="PASS">
          <params>
            <param index="0">
              <value>
                <![CDATA["verify PIM page"]]>
              </value>
            </param>
            <param index="1">
              <value>
                <![CDATA["PIM  Functionality"]]>
              </value>
            </param>
          </params>
          <reporter-output>
          </reporter-output>
        </test-method> <!-- runScenario -->
        <test-method signature="runScenario(io.cucumber.testng.PickleWrapper,io.cucumber.testng.FeatureWrapper)[pri:0, instance:org.testRunners.TestRunner@5524cca1]" started-at="2023-09-07T21:12:57 IST" name="runScenario" description="Runs Cucumber Scenarios" data-provider="scenarios" finished-at="2023-09-07T21:13:11 IST" duration-ms="14042" status="PASS">
          <params>
            <param index="0">
              <value>
                <![CDATA["verify PIM page"]]>
              </value>
            </param>
            <param index="1">
              <value>
                <![CDATA["PIM  Functionality"]]>
              </value>
            </param>
          </params>
          <reporter-output>
          </reporter-output>
        </test-method> <!-- runScenario -->
        <test-method is-config="true" signature="tearDownClass()[pri:0, instance:org.testRunners.TestRunner@5524cca1]" started-at="2023-09-07T21:13:11 IST" name="tearDownClass" finished-at="2023-09-07T21:13:12 IST" duration-ms="972" status="PASS">
          <reporter-output>
          </reporter-output>
        </test-method> <!-- tearDownClass -->
      </class> <!-- org.testRunners.TestRunner -->
    </test> <!-- Default test -->
  </suite> <!-- Default suite -->
</testng-results>
